<?xml version="1.0" encoding="UTF-8"?>
<!-- Generated by org.testng.reporters.JUnitReportReporter -->
<testsuite hostname="windows" failures="0" tests="2" name="com.herokuapp.thinternet.NegativeTests" time="30.525" errors="0" timestamp="22 Apr 2021 04:55:56 GMT" skipped="0">
  <testcase classname="com.herokuapp.thinternet.NegativeTests" name="incorrectUsernameTest" time="19.882"/>
  <testcase classname="com.herokuapp.thinternet.NegativeTests" name="incorrectPasswordTest" time="10.643"/>
</testsuite> <!-- com.herokuapp.thinternet.NegativeTests -->
