<?xml version="1.0" encoding="UTF-8"?>
<!-- Generated by org.testng.reporters.JUnitReportReporter -->
<testsuite hostname="windows" failures="0" tests="1" name="com.herokuapp.thinternet.PositiveTests" time="20.885" errors="0" timestamp="22 Apr 2021 05:34:24 GMT" skipped="0">
  <testcase classname="com.herokuapp.thinternet.PositiveTests" name="loginTest" time="20.885"/>
</testsuite> <!-- com.herokuapp.thinternet.PositiveTests -->
