<?xml version="1.0" encoding="UTF-8"?>
<!-- Generated by org.testng.reporters.JUnitReportReporter -->
<testsuite hostname="windows" failures="0" tests="2" name="com.herokuapp.thinternet.NegativeTests" time="25.198" errors="0" timestamp="22 Apr 2021 06:54:20 GMT" skipped="0">
  <testcase classname="com.herokuapp.thinternet.NegativeTests" name="incorrectPasswordTest" time="12.500"/>
  <testcase classname="com.herokuapp.thinternet.NegativeTests" name="incorrectUsernameTest" time="12.698"/>
</testsuite> <!-- com.herokuapp.thinternet.NegativeTests -->
